android/app/build/outputs/logs/manifest-merger-release-report.txt
-- Merging decision tree log ---
manifest
ADDED from src\main\AndroidManifest.xml:1:1-100:12
INJECTED from src\main\AndroidManifest.xml:1:1-100:12
INJECTED from src\main\AndroidManifest.xml:1:1-100:12
INJECTED from src\main\AndroidManifest.xml:1:1-100:12
MERGED from [:react-native-android-background-timer] AndroidManifest.xml:2:1-11:12
MERGED from [:react-native-android-location-enabler] AndroidManifest.xml:2:1-11:12
MERGED from [:react-native-linear-gradient] AndroidManifest.xml:2:1-11:12
MERGED from [:react-native-image-picker] AndroidManifest.xml:2:1-23:12
MERGED from [:react-native-google-places] AndroidManifest.xml:2:1-14:12
MERGED from [:react-native-razorpay] AndroidManifest.xml:2:1-19:12
MERGED from [:react-native-android-sms-listener] AndroidManifest.xml:2:1-13:12
MERGED from [:react-native-device-info] AndroidManifest.xml:2:1-22:12
MERGED from [:react-native-svg] AndroidManifest.xml:2:1-9:12
MERGED from [:react-native-sms] AndroidManifest.xml:2:1-11:12
MERGED from [:react-native-audio] AndroidManifest.xml:2:1-11:12
MERGED from [:react-native-onesignal] AndroidManifest.xml:2:1-7:12
MERGED from [:react-native-splash-screen] AndroidManifest.xml:2:1-14:12
MERGED from [:react-native-maps] AndroidManifest.xml:2:1-12:12
MERGED from [:react-native-call-log] AndroidManifest.xml:2:1-11:12
MERGED from [com.facebook.react:react-native:0.55.4] AndroidManifest.xml:2:1-15:12
MERGED from [com.android.support:appcompat-v7:27.1.1] AndroidManifest.xml:17:1-22:12
MERGED from [com.onesignal:OneSignal:3.10.1] AndroidManifest.xml:2:1-108:12
MERGED from [com.google.android.gms:play-services-location:11.6.2] AndroidManifest.xml:2:1-5:12
MERGED from [com.google.android.gms:play-services-places:11.6.2] AndroidManifest.xml:16:1-19:12
MERGED from [com.google.android.gms:play-services-gcm:11.6.2] AndroidManifest.xml:16:1-24:12
MERGED from [com.google.android.gms:play-services-maps:11.6.2] AndroidManifest.xml:16:1-25:12
MERGED from [com.google.android.gms:play-services-iid:11.6.2] AndroidManifest.xml:16:1-24:12
MERGED from [com.google.android.gms:play-services-base:11.6.2] AndroidManifest.xml:16:1-21:12
MERGED from [com.google.maps.android:android-maps-utils:0.5] AndroidManifest.xml:2:1-13:12
MERGED from [com.razorpay:checkout:1.4.9] AndroidManifest.xml:2:1-32:12
MERGED from [com.google.firebase:firebase-messaging:11.6.2] AndroidManifest.xml:16:1-30:12
MERGED from [com.google.firebase:firebase-iid:11.6.2] AndroidManifest.xml:16:1-47:12
MERGED from [com.google.firebase:firebase-common:11.6.2] AndroidManifest.xml:2:1-8:12
MERGED from [com.google.android.gms:play-services-tasks:11.6.2] AndroidManifest.xml:2:1-5:12
MERGED from [com.google.android.gms:play-services-basement:11.6.2] AndroidManifest.xml:16:1-23:12
MERGED from [com.android.support:support-v4:27.1.1] AndroidManifest.xml:17:1-22:12
MERGED from [com.android.support:support-fragment:27.1.1] AndroidManifest.xml:17:1-22:12
MERGED from [com.android.support:animated-vector-drawable:27.1.1] AndroidManifest.xml:17:1-22:12
MERGED from [com.android.support:support-core-ui:27.1.1] AndroidManifest.xml:17:1-22:12
MERGED from [com.android.support:support-core-utils:27.1.1] AndroidManifest.xml:17:1-22:12
MERGED from [com.android.support:support-vector-drawable:27.1.1] AndroidManifest.xml:17:1-22:12
MERGED from [com.android.support:support-media-compat:27.1.1] AndroidManifest.xml:17:1-22:12
MERGED from [com.android.support:support-compat:27.1.1] AndroidManifest.xml:17:1-22:12
MERGED from [com.google.android.gms:play-services-location-license:11.6.2] AndroidManifest.xml:2:1-6:12
MERGED from [com.google.android.gms:play-services-base-license:11.6.2] AndroidManifest.xml:2:1-6:12
MERGED from [com.google.android.gms:play-services-places-license:11.6.2] AndroidManifest.xml:2:1-6:12
MERGED from [com.google.android.gms:play-services-gcm-license:11.6.2] AndroidManifest.xml:2:1-6:12
MERGED from [com.google.android.gms:play-services-maps-license:11.6.2] AndroidManifest.xml:2:1-6:12
MERGED from [android.arch.lifecycle:livedata-core:1.1.0] AndroidManifest.xml:17:1-22:12
MERGED from [android.arch.lifecycle:viewmodel:1.1.0] AndroidManifest.xml:17:1-22:12
MERGED from [com.google.android.gms:play-services-basement-license:11.6.2] AndroidManifest.xml:2:1-6:12
MERGED from [com.google.android.gms:play-services-tasks-license:11.6.2] AndroidManifest.xml:2:1-6:12
MERGED from [com.google.android.gms:play-services-iid-license:11.6.2] AndroidManifest.xml:2:1-6:12
MERGED from [com.google.firebase:firebase-messaging-license:11.6.2] AndroidManifest.xml:2:1-6:12
MERGED from [android.arch.lifecycle:runtime:1.1.0] AndroidManifest.xml:17:1-22:12
MERGED from [android.arch.core:runtime:1.1.0] AndroidManifest.xml:17:1-22:12
MERGED from [com.google.firebase:firebase-iid-license:11.6.2] AndroidManifest.xml:2:1-6:12
MERGED from [com.google.firebase:firebase-common-license:11.6.2] AndroidManifest.xml:2:1-6:12
MERGED from [com.facebook.fbui.textlayoutbuilder:textlayoutbuilder:1.0.0] AndroidManifest.xml:10:1-18:12
MERGED from [com.facebook.fresco:fresco:1.3.0] AndroidManifest.xml:2:1-9:12
MERGED from [com.facebook.fresco:imagepipeline-okhttp3:1.3.0] AndroidManifest.xml:2:1-9:12
MERGED from [com.facebook.soloader:soloader:0.1.0] AndroidManifest.xml:1:1-4:12
MERGED from [org.webkit:android-jsc:r174650] AndroidManifest.xml:1:1-3:12
MERGED from [com.facebook.fresco:drawee:1.3.0] AndroidManifest.xml:2:1-9:12
MERGED from [com.facebook.fresco:imagepipeline:1.3.0] AndroidManifest.xml:2:1-9:12
MERGED from [com.facebook.fresco:imagepipeline-base:1.3.0] AndroidManifest.xml:2:1-9:12
MERGED from [com.facebook.fresco:fbcore:1.3.0] AndroidManifest.xml:2:1-9:12
INJECTED from src\main\AndroidManifest.xml:1:1-100:12
INJECTED from src\main\AndroidManifest.xml:1:1-100:12
INJECTED from src\main\AndroidManifest.xml:1:1-100:12
	package
		ADDED from src\main\AndroidManifest.xml:2:5-26
		INJECTED from src\main\AndroidManifest.xml
		INJECTED from src\main\AndroidManifest.xml
	android:versionName
		INJECTED from src\main\AndroidManifest.xml
		ADDED from src\main\AndroidManifest.xml:1:1-100:12
		INJECTED from src\main\AndroidManifest.xml
	android:versionCode
		INJECTED from src\main\AndroidManifest.xml
		ADDED from src\main\AndroidManifest.xml:1:1-100:12
		INJECTED from src\main\AndroidManifest.xml
	xmlns:android
		ADDED from src\main\AndroidManifest.xml:1:11-69
uses-permission#android.permission.INTERNET
ADDED from src\main\AndroidManifest.xml:4:5-67
MERGED from [:react-native-maps] AndroidManifest.xml:9:5-67
MERGED from [:react-native-maps] AndroidManifest.xml:9:5-67
MERGED from [com.onesignal:OneSignal:3.10.1] AndroidManifest.xml:17:5-67
MERGED from [com.onesignal:OneSignal:3.10.1] AndroidManifest.xml:17:5-67
MERGED from [com.google.android.gms:play-services-gcm:11.6.2] AndroidManifest.xml:21:5-66
MERGED from [com.google.android.gms:play-services-gcm:11.6.2] AndroidManifest.xml:21:5-66
MERGED from [com.google.android.gms:play-services-maps:11.6.2] AndroidManifest.xml:20:5-66
MERGED from [com.google.android.gms:play-services-maps:11.6.2] AndroidManifest.xml:20:5-66
MERGED from [com.google.android.gms:play-services-iid:11.6.2] AndroidManifest.xml:21:5-66
MERGED from [com.google.android.gms:play-services-iid:11.6.2] AndroidManifest.xml:21:5-66
MERGED from [com.razorpay:checkout:1.4.9] AndroidManifest.xml:9:5-67
MERGED from [com.razorpay:checkout:1.4.9] AndroidManifest.xml:9:5-67
MERGED from [com.google.firebase:firebase-iid:11.6.2] AndroidManifest.xml:20:5-66
MERGED from [com.google.firebase:firebase-iid:11.6.2] AndroidManifest.xml:20:5-66
	android:name
		ADDED from src\main\AndroidManifest.xml:4:22-64
uses-permission#android.permission.SYSTEM_ALERT_WINDOW
ADDED from src\main\AndroidManifest.xml:5:5-77
MERGED from [com.facebook.react:react-native:0.55.4] AndroidManifest.xml:11:5-78
MERGED from [com.facebook.react:react-native:0.55.4] AndroidManifest.xml:11:5-78
	android:name
		ADDED from src\main\AndroidManifest.xml:5:22-75
uses-permission#android.permission.ACCESS_COARSE_LOCATION
ADDED from src\main\AndroidManifest.xml:6:2-77
MERGED from [:react-native-maps] AndroidManifest.xml:10:5-81
MERGED from [:react-native-maps] AndroidManifest.xml:10:5-81
	android:name
		ADDED from src\main\AndroidManifest.xml:6:19-75
uses-permission#android.permission.ACCESS_FINE_LOCATION
ADDED from src\main\AndroidManifest.xml:7:2-75
	android:name
		ADDED from src\main\AndroidManifest.xml:7:19-73
uses-permission#android.permission.RECORD_AUDIO
ADDED from src\main\AndroidManifest.xml:9:2-68
	android:name
		ADDED from src\main\AndroidManifest.xml:9:19-65
uses-permission#android.permission.PROCESS_OUTGOING_CALLS
ADDED from src\main\AndroidManifest.xml:10:2-78
	android:name
		ADDED from src\main\AndroidManifest.xml:10:19-75
uses-permission#android.permission.READ_PHONE_STATE
ADDED from src\main\AndroidManifest.xml:11:2-72
	android:name
		ADDED from src\main\AndroidManifest.xml:11:19-69
uses-permission#android.permission.WAKE_LOCK
ADDED from src\main\AndroidManifest.xml:12:2-65
MERGED from [com.onesignal:OneSignal:3.10.1] AndroidManifest.xml:19:5-68
MERGED from [com.onesignal:OneSignal:3.10.1] AndroidManifest.xml:19:5-68
MERGED from [com.google.firebase:firebase-iid:11.6.2] AndroidManifest.xml:21:5-67
MERGED from [com.google.firebase:firebase-iid:11.6.2] AndroidManifest.xml:21:5-67
	android:name
		ADDED from src\main\AndroidManifest.xml:12:19-62
uses-permission#android.permission.READ_EXTERNAL_STORAGE
ADDED from src\main\AndroidManifest.xml:13:2-77
	android:name
		ADDED from src\main\AndroidManifest.xml:13:19-74
uses-permission#android.permission.WRITE_EXTERNAL_STORAGE
ADDED from src\main\AndroidManifest.xml:14:2-78
	android:name
		ADDED from src\main\AndroidManifest.xml:14:19-75
uses-permission#android.permission.READ_CALL_LOG
ADDED from src\main\AndroidManifest.xml:15:2-69
	android:name
		ADDED from src\main\AndroidManifest.xml:15:19-66
uses-permission#android.permission.RECEIVE_SMS
ADDED from src\main\AndroidManifest.xml:16:2-67
MERGED from [:react-native-razorpay] AndroidManifest.xml:11:5-70
MERGED from [:react-native-razorpay] AndroidManifest.xml:11:5-70
MERGED from [:react-native-android-sms-listener] AndroidManifest.xml:11:5-70
MERGED from [:react-native-android-sms-listener] AndroidManifest.xml:11:5-70
	android:name
		ADDED from src\main\AndroidManifest.xml:16:19-64
uses-permission#android.permission.READ_SMS
ADDED from src\main\AndroidManifest.xml:17:2-64
	android:name
		ADDED from src\main\AndroidManifest.xml:17:19-61
uses-permission#android.permission.CAMERA
ADDED from src\main\AndroidManifest.xml:18:2-62
	android:name
		ADDED from src\main\AndroidManifest.xml:18:19-59
uses-permission#android.permission.FLASHLIGHT
ADDED from src\main\AndroidManifest.xml:19:5-69
	android:name
		ADDED from src\main\AndroidManifest.xml:19:22-66
application
ADDED from src\main\AndroidManifest.xml:21:5-98:19
MERGED from [:react-native-image-picker] AndroidManifest.xml:11:5-21:19
MERGED from [:react-native-image-picker] AndroidManifest.xml:11:5-21:19
MERGED from [:react-native-google-places] AndroidManifest.xml:9:5-12:19
MERGED from [:react-native-google-places] AndroidManifest.xml:9:5-12:19
MERGED from [:react-native-razorpay] AndroidManifest.xml:13:5-17:19
MERGED from [:react-native-razorpay] AndroidManifest.xml:13:5-17:19
MERGED from [:react-native-device-info] AndroidManifest.xml:11:5-20:19
MERGED from [:react-native-device-info] AndroidManifest.xml:11:5-20:19
MERGED from [:react-native-splash-screen] AndroidManifest.xml:11:5-12:19
MERGED from [:react-native-splash-screen] AndroidManifest.xml:11:5-12:19
MERGED from [com.facebook.react:react-native:0.55.4] AndroidManifest.xml:13:5-20
MERGED from [com.facebook.react:react-native:0.55.4] AndroidManifest.xml:13:5-20
MERGED from [com.onesignal:OneSignal:3.10.1] AndroidManifest.xml:49:5-106:19
MERGED from [com.onesignal:OneSignal:3.10.1] AndroidManifest.xml:49:5-106:19
MERGED from [com.google.android.gms:play-services-location:11.6.2] AndroidManifest.xml:4:5-19
MERGED from [com.google.android.gms:play-services-location:11.6.2] AndroidManifest.xml:4:5-19
MERGED from [com.google.android.gms:play-services-places:11.6.2] AndroidManifest.xml:18:5-19
MERGED from [com.google.android.gms:play-services-places:11.6.2] AndroidManifest.xml:18:5-19
MERGED from [com.google.android.gms:play-services-gcm:11.6.2] AndroidManifest.xml:23:5-19
MERGED from [com.google.android.gms:play-services-gcm:11.6.2] AndroidManifest.xml:23:5-19
MERGED from [com.google.android.gms:play-services-maps:11.6.2] AndroidManifest.xml:24:5-19
MERGED from [com.google.android.gms:play-services-maps:11.6.2] AndroidManifest.xml:24:5-19
MERGED from [com.google.android.gms:play-services-iid:11.6.2] AndroidManifest.xml:23:5-19
MERGED from [com.google.android.gms:play-services-iid:11.6.2] AndroidManifest.xml:23:5-19
MERGED from [com.google.android.gms:play-services-base:11.6.2] AndroidManifest.xml:18:5-20:19
MERGED from [com.google.android.gms:play-services-base:11.6.2] AndroidManifest.xml:18:5-20:19
MERGED from [com.google.maps.android:android-maps-utils:0.5] AndroidManifest.xml:7:5-11:19
MERGED from [com.google.maps.android:android-maps-utils:0.5] AndroidManifest.xml:7:5-11:19
MERGED from [com.razorpay:checkout:1.4.9] AndroidManifest.xml:11:5-30:19
MERGED from [com.razorpay:checkout:1.4.9] AndroidManifest.xml:11:5-30:19
MERGED from [com.google.firebase:firebase-messaging:11.6.2] AndroidManifest.xml:19:5-29:19
MERGED from [com.google.firebase:firebase-messaging:11.6.2] AndroidManifest.xml:19:5-29:19
MERGED from [com.google.firebase:firebase-iid:11.6.2] AndroidManifest.xml:29:5-46:19
MERGED from [com.google.firebase:firebase-iid:11.6.2] AndroidManifest.xml:29:5-46:19
MERGED from [com.google.firebase:firebase-common:11.6.2] AndroidManifest.xml:4:5-7:19
MERGED from [com.google.firebase:firebase-common:11.6.2] AndroidManifest.xml:4:5-7:19
MERGED from [com.google.android.gms:play-services-tasks:11.6.2] AndroidManifest.xml:4:5-19
MERGED from [com.google.android.gms:play-services-tasks:11.6.2] AndroidManifest.xml:4:5-19
MERGED from [com.google.android.gms:play-services-basement:11.6.2] AndroidManifest.xml:19:5-21:19
MERGED from [com.google.android.gms:play-services-basement:11.6.2] AndroidManifest.xml:19:5-21:19
MERGED from [com.google.android.gms:play-services-location-license:11.6.2] AndroidManifest.xml:5:5-20
MERGED from [com.google.android.gms:play-services-location-license:11.6.2] AndroidManifest.xml:5:5-20
MERGED from [com.google.android.gms:play-services-base-license:11.6.2] AndroidManifest.xml:5:5-20
MERGED from [com.google.android.gms:play-services-base-license:11.6.2] AndroidManifest.xml:5:5-20
MERGED from [com.google.android.gms:play-services-places-license:11.6.2] AndroidManifest.xml:5:5-20
MERGED from [com.google.android.gms:play-services-places-license:11.6.2] AndroidManifest.xml:5:5-20
MERGED from [com.google.android.gms:play-services-gcm-license:11.6.2] AndroidManifest.xml:5:5-20
MERGED from [com.google.android.gms:play-services-gcm-license:11.6.2] AndroidManifest.xml:5:5-20
MERGED from [com.google.android.gms:play-services-maps-license:11.6.2] AndroidManifest.xml:5:5-20
MERGED from [com.google.android.gms:play-services-maps-license:11.6.2] AndroidManifest.xml:5:5-20
MERGED from [com.google.android.gms:play-services-basement-license:11.6.2] AndroidManifest.xml:5:5-20
MERGED from [com.google.android.gms:play-services-basement-license:11.6.2] AndroidManifest.xml:5:5-20
MERGED from [com.google.android.gms:play-services-tasks-license:11.6.2] AndroidManifest.xml:5:5-20
MERGED from [com.google.android.gms:play-services-tasks-license:11.6.2] AndroidManifest.xml:5:5-20
MERGED from [com.google.android.gms:play-services-iid-license:11.6.2] AndroidManifest.xml:5:5-20
MERGED from [com.google.android.gms:play-services-iid-license:11.6.2] AndroidManifest.xml:5:5-20
MERGED from [com.google.firebase:firebase-messaging-license:11.6.2] AndroidManifest.xml:5:5-20
MERGED from [com.google.firebase:firebase-messaging-license:11.6.2] AndroidManifest.xml:5:5-20
MERGED from [com.google.firebase:firebase-iid-license:11.6.2] AndroidManifest.xml:5:5-20
MERGED from [com.google.firebase:firebase-iid-license:11.6.2] AndroidManifest.xml:5:5-20
MERGED from [com.google.firebase:firebase-common-license:11.6.2] AndroidManifest.xml:5:5-20
MERGED from [com.google.firebase:firebase-common-license:11.6.2] AndroidManifest.xml:5:5-20
MERGED from [com.facebook.soloader:soloader:0.1.0] AndroidManifest.xml:3:3-17
MERGED from [com.facebook.soloader:soloader:0.1.0] AndroidManifest.xml:3:3-17
MERGED from [org.webkit:android-jsc:r174650] AndroidManifest.xml:2:3-17
MERGED from [org.webkit:android-jsc:r174650] AndroidManifest.xml:2:3-17
	android:supportsRtl
		ADDED from src\main\AndroidManifest.xml:27:5-31
	android:label
		ADDED from src\main\AndroidManifest.xml:23:7-39
	android:icon
		ADDED from src\main\AndroidManifest.xml:24:7-55
	android:allowBackup
		ADDED from src\main\AndroidManifest.xml:25:7-33
	android:theme
		ADDED from src\main\AndroidManifest.xml:26:7-38
	android:name
		ADDED from src\main\AndroidManifest.xml:22:7-38
meta-data#com.onesignal.NotificationOpened.DEFAULT
ADDED from src\main\AndroidManifest.xml:29:3-96
	android:value
		ADDED from src\main\AndroidManifest.xml:29:70-93
	android:name
		ADDED from src\main\AndroidManifest.xml:29:14-69
service#com.fabkare.GeoLocationService
ADDED from src\main\AndroidManifest.xml:31:5-34:13
	android:label
		ADDED from src\main\AndroidManifest.xml:33:4-38
	android:name
		ADDED from src\main\AndroidManifest.xml:32:4-38
activity#com.fabkare.SplashActivity
ADDED from src\main\AndroidManifest.xml:45:4-55:18
	android:screenOrientation
		ADDED from src\main\AndroidManifest.xml:50:3-39
	android:label
		ADDED from src\main\AndroidManifest.xml:48:9-41
	android:launchMode
		ADDED from src\main\AndroidManifest.xml:49:3-33
	android:theme
		ADDED from src\main\AndroidManifest.xml:47:9-43
	android:name
		ADDED from src\main\AndroidManifest.xml:46:9-39
intent-filter#action:name:android.intent.action.MAIN+category:name:android.intent.category.LAUNCHER
ADDED from src\main\AndroidManifest.xml:51:9-54:25
action#android.intent.action.MAIN
ADDED from src\main\AndroidManifest.xml:52:11-63
	android:name
		ADDED from src\main\AndroidManifest.xml:52:19-60
category#android.intent.category.LAUNCHER
ADDED from src\main\AndroidManifest.xml:53:11-71
	android:name
		ADDED from src\main\AndroidManifest.xml:53:21-68
activity#com.fabkare.MainActivity
ADDED from src\main\AndroidManifest.xml:68:5-73:30
	android:label
		ADDED from src\main\AndroidManifest.xml:72:4-36
	android:windowSoftInputMode
		ADDED from src\main\AndroidManifest.xml:71:4-46
	android:exported
		ADDED from src\main\AndroidManifest.xml:73:4-27
	android:configChanges
		ADDED from src\main\AndroidManifest.xml:70:4-74
	android:name
		ADDED from src\main\AndroidManifest.xml:69:4-32
activity#com.facebook.react.devsupport.DevSettingsActivity
ADDED from src\main\AndroidManifest.xml:74:7-84
	android:name
		ADDED from src\main\AndroidManifest.xml:74:17-81
service#com.spaloon.CallService
ADDED from src\main\AndroidManifest.xml:76:4-54
	android:name
		ADDED from src\main\AndroidManifest.xml:76:13-51
receiver#com.spaloon.CallReceiver
ADDED from src\main\AndroidManifest.xml:78:3-83:14
	android:name
		ADDED from src\main\AndroidManifest.xml:78:13-52
intent-filter#action:name:android.intent.action.NEW_OUTGOING_CALL+action:name:android.intent.action.PHONE_STATE
ADDED from src\main\AndroidManifest.xml:79:5-82:21
	android:priority
		ADDED from src\main\AndroidManifest.xml:79:20-40
action#android.intent.action.PHONE_STATE
ADDED from src\main\AndroidManifest.xml:80:4-63
	android:name
		ADDED from src\main\AndroidManifest.xml:80:12-60
action#android.intent.action.NEW_OUTGOING_CALL
ADDED from src\main\AndroidManifest.xml:81:4-69
	android:name
		ADDED from src\main\AndroidManifest.xml:81:12-66
service#com.spaloon.SmsService
ADDED from src\main\AndroidManifest.xml:86:3-52
	android:name
		ADDED from src\main\AndroidManifest.xml:86:12-49
receiver#com.spaloon.SmsReceiver
ADDED from src\main\AndroidManifest.xml:88:3-92:14
	android:name
		ADDED from src\main\AndroidManifest.xml:88:13-51
intent-filter#action:name:android.provider.Telephony.SMS_RECEIVED
ADDED from src\main\AndroidManifest.xml:89:5-91:21
	android:priority
		ADDED from src\main\AndroidManifest.xml:89:20-40
action#android.provider.Telephony.SMS_RECEIVED
ADDED from src\main\AndroidManifest.xml:90:5-70
	android:name
		ADDED from src\main\AndroidManifest.xml:90:13-67
meta-data#com.google.android.geo.API_KEY
ADDED from src\main\AndroidManifest.xml:95:4-97:68
	android:value
		ADDED from src\main\AndroidManifest.xml:97:11-66
	android:name
		ADDED from src\main\AndroidManifest.xml:96:11-56
uses-sdk
INJECTED from src\main\AndroidManifest.xml reason: use-sdk injection requested
INJECTED from src\main\AndroidManifest.xml
INJECTED from src\main\AndroidManifest.xml
MERGED from [:react-native-android-background-timer] AndroidManifest.xml:7:5-9:41
MERGED from [:react-native-android-background-timer] AndroidManifest.xml:7:5-9:41
MERGED from [:react-native-android-location-enabler] AndroidManifest.xml:7:5-9:41
MERGED from [:react-native-android-location-enabler] AndroidManifest.xml:7:5-9:41
MERGED from [:react-native-linear-gradient] AndroidManifest.xml:7:5-9:41
MERGED from [:react-native-linear-gradient] AndroidManifest.xml:7:5-9:41
MERGED from [:react-native-image-picker] AndroidManifest.xml:7:5-9:41
MERGED from [:react-native-image-picker] AndroidManifest.xml:7:5-9:41
MERGED from [:react-native-google-places] AndroidManifest.xml:5:5-7:41
MERGED from [:react-native-google-places] AndroidManifest.xml:5:5-7:41
MERGED from [:react-native-razorpay] AndroidManifest.xml:7:5-9:41
MERGED from [:react-native-razorpay] AndroidManifest.xml:7:5-9:41
MERGED from [:react-native-android-sms-listener] AndroidManifest.xml:7:5-9:41
MERGED from [:react-native-android-sms-listener] AndroidManifest.xml:7:5-9:41
MERGED from [:react-native-device-info] AndroidManifest.xml:7:5-9:41
MERGED from [:react-native-device-info] AndroidManifest.xml:7:5-9:41
MERGED from [:react-native-svg] AndroidManifest.xml:5:5-7:41
MERGED from [:react-native-svg] AndroidManifest.xml:5:5-7:41
MERGED from [:react-native-sms] AndroidManifest.xml:7:5-9:41
MERGED from [:react-native-sms] AndroidManifest.xml:7:5-9:41
MERGED from [:react-native-audio] AndroidManifest.xml:7:5-9:41
MERGED from [:react-native-audio] AndroidManifest.xml:7:5-9:41
MERGED from [:react-native-onesignal] AndroidManifest.xml:5:5-44
MERGED from [:react-native-onesignal] AndroidManifest.xml:5:5-44
MERGED from [:react-native-splash-screen] AndroidManifest.xml:7:5-9:41
MERGED from [:react-native-splash-screen] AndroidManifest.xml:7:5-9:41
MERGED from [:react-native-maps] AndroidManifest.xml:5:5-7:41
MERGED from [:react-native-maps] AndroidManifest.xml:5:5-7:41
MERGED from [:react-native-call-log] AndroidManifest.xml:7:5-9:41
MERGED from [:react-native-call-log] AndroidManifest.xml:7:5-9:41
MERGED from [com.facebook.react:react-native:0.55.4] AndroidManifest.xml:7:5-9:41
MERGED from [com.facebook.react:react-native:0.55.4] AndroidManifest.xml:7:5-9:41
MERGED from [com.android.support:appcompat-v7:27.1.1] AndroidManifest.xml:20:5-44
MERGED from [com.android.support:appcompat-v7:27.1.1] AndroidManifest.xml:20:5-44
MERGED from [com.onesignal:OneSignal:3.10.1] AndroidManifest.xml:5:5-44
MERGED from [com.onesignal:OneSignal:3.10.1] AndroidManifest.xml:5:5-44
MERGED from [com.google.android.gms:play-services-location:11.6.2] AndroidManifest.xml:3:5-43
MERGED from [com.google.android.gms:play-services-location:11.6.2] AndroidManifest.xml:3:5-43
MERGED from [com.google.android.gms:play-services-places:11.6.2] AndroidManifest.xml:17:5-43
MERGED from [com.google.android.gms:play-services-places:11.6.2] AndroidManifest.xml:17:5-43
MERGED from [com.google.android.gms:play-services-gcm:11.6.2] AndroidManifest.xml:17:5-43
MERGED from [com.google.android.gms:play-services-gcm:11.6.2] AndroidManifest.xml:17:5-43
MERGED from [com.google.android.gms:play-services-maps:11.6.2] AndroidManifest.xml:23:5-43
MERGED from [com.google.android.gms:play-services-maps:11.6.2] AndroidManifest.xml:23:5-43
MERGED from [com.google.android.gms:play-services-iid:11.6.2] AndroidManifest.xml:17:5-43
MERGED from [com.google.android.gms:play-services-iid:11.6.2] AndroidManifest.xml:17:5-43
MERGED from [com.google.android.gms:play-services-base:11.6.2] AndroidManifest.xml:17:5-43
MERGED from [com.google.android.gms:play-services-base:11.6.2] AndroidManifest.xml:17:5-43
MERGED from [com.google.maps.android:android-maps-utils:0.5] AndroidManifest.xml:5:5-43
MERGED from [com.google.maps.android:android-maps-utils:0.5] AndroidManifest.xml:5:5-43
MERGED from [com.razorpay:checkout:1.4.9] AndroidManifest.xml:5:5-7:41
MERGED from [com.razorpay:checkout:1.4.9] AndroidManifest.xml:5:5-7:41
MERGED from [com.google.firebase:firebase-messaging:11.6.2] AndroidManifest.xml:17:5-43
MERGED from [com.google.firebase:firebase-messaging:11.6.2] AndroidManifest.xml:17:5-43
MERGED from [com.google.firebase:firebase-iid:11.6.2] AndroidManifest.xml:17:5-43
MERGED from [com.google.firebase:firebase-iid:11.6.2] AndroidManifest.xml:17:5-43
MERGED from [com.google.firebase:firebase-common:11.6.2] AndroidManifest.xml:3:5-43
MERGED from [com.google.firebase:firebase-common:11.6.2] AndroidManifest.xml:3:5-43
MERGED from [com.google.android.gms:play-services-tasks:11.6.2] AndroidManifest.xml:3:5-43
MERGED from [com.google.android.gms:play-services-tasks:11.6.2] AndroidManifest.xml:3:5-43
MERGED from [com.google.android.gms:play-services-basement:11.6.2] AndroidManifest.xml:17:5-43
MERGED from [com.google.android.gms:play-services-basement:11.6.2] AndroidManifest.xml:17:5-43
MERGED from [com.android.support:support-v4:27.1.1] AndroidManifest.xml:20:5-44
MERGED from [com.android.support:support-v4:27.1.1] AndroidManifest.xml:20:5-44
MERGED from [com.android.support:support-fragment:27.1.1] AndroidManifest.xml:20:5-44
MERGED from [com.android.support:support-fragment:27.1.1] AndroidManifest.xml:20:5-44
MERGED from [com.android.support:animated-vector-drawable:27.1.1] AndroidManifest.xml:20:5-44
MERGED from [com.android.support:animated-vector-drawable:27.1.1] AndroidManifest.xml:20:5-44
MERGED from [com.android.support:support-core-ui:27.1.1] AndroidManifest.xml:20:5-44
MERGED from [com.android.support:support-core-ui:27.1.1] AndroidManifest.xml:20:5-44
MERGED from [com.android.support:support-core-utils:27.1.1] AndroidManifest.xml:20:5-44
MERGED from [com.android.support:support-core-utils:27.1.1] AndroidManifest.xml:20:5-44
MERGED from [com.android.support:support-vector-drawable:27.1.1] AndroidManifest.xml:20:5-44
MERGED from [com.android.support:support-vector-drawable:27.1.1] AndroidManifest.xml:20:5-44
MERGED from [com.android.support:support-media-compat:27.1.1] AndroidManifest.xml:20:5-44
MERGED from [com.android.support:support-media-compat:27.1.1] AndroidManifest.xml:20:5-44
MERGED from [com.android.support:support-compat:27.1.1] AndroidManifest.xml:20:5-44
MERGED from [com.android.support:support-compat:27.1.1] AndroidManifest.xml:20:5-44
MERGED from [com.google.android.gms:play-services-location-license:11.6.2] AndroidManifest.xml:4:5-43
MERGED from [com.google.android.gms:play-services-location-license:11.6.2] AndroidManifest.xml:4:5-43
MERGED from [com.google.android.gms:play-services-base-license:11.6.2] AndroidManifest.xml:4:5-43
MERGED from [com.google.android.gms:play-services-base-license:11.6.2] AndroidManifest.xml:4:5-43
MERGED from [com.google.android.gms:play-services-places-license:11.6.2] AndroidManifest.xml:4:5-43
MERGED from [com.google.android.gms:play-services-places-license:11.6.2] AndroidManifest.xml:4:5-43
MERGED from [com.google.android.gms:play-services-gcm-license:11.6.2] AndroidManifest.xml:4:5-43
MERGED from [com.google.android.gms:play-services-gcm-license:11.6.2] AndroidManifest.xml:4:5-43
MERGED from [com.google.android.gms:play-services-maps-license:11.6.2] AndroidManifest.xml:4:5-43
MERGED from [com.google.android.gms:play-services-maps-license:11.6.2] AndroidManifest.xml:4:5-43
MERGED from [android.arch.lifecycle:livedata-core:1.1.0] AndroidManifest.xml:20:5-44
MERGED from [android.arch.lifecycle:livedata-core:1.1.0] AndroidManifest.xml:20:5-44
MERGED from [android.arch.lifecycle:viewmodel:1.1.0] AndroidManifest.xml:20:5-44
MERGED from [android.arch.lifecycle:viewmodel:1.1.0] AndroidManifest.xml:20:5-44
MERGED from [com.google.android.gms:play-services-basement-license:11.6.2] AndroidManifest.xml:4:5-43
MERGED from [com.google.android.gms:play-services-basement-license:11.6.2] AndroidManifest.xml:4:5-43
MERGED from [com.google.android.gms:play-services-tasks-license:11.6.2] AndroidManifest.xml:4:5-43
MERGED from [com.google.android.gms:play-services-tasks-license:11.6.2] AndroidManifest.xml:4:5-43
MERGED from [com.google.android.gms:play-services-iid-license:11.6.2] AndroidManifest.xml:4:5-43
MERGED from [com.google.android.gms:play-services-iid-license:11.6.2] AndroidManifest.xml:4:5-43
MERGED from [com.google.firebase:firebase-messaging-license:11.6.2] AndroidManifest.xml:4:5-43
MERGED from [com.google.firebase:firebase-messaging-license:11.6.2] AndroidManifest.xml:4:5-43
MERGED from [android.arch.lifecycle:runtime:1.1.0] AndroidManifest.xml:20:5-44
MERGED from [android.arch.lifecycle:runtime:1.1.0] AndroidManifest.xml:20:5-44
MERGED from [android.arch.core:runtime:1.1.0] AndroidManifest.xml:20:5-44
MERGED from [android.arch.core:runtime:1.1.0] AndroidManifest.xml:20:5-44
MERGED from [com.google.firebase:firebase-iid-license:11.6.2] AndroidManifest.xml:4:5-43
MERGED from [com.google.firebase:firebase-iid-license:11.6.2] AndroidManifest.xml:4:5-43
MERGED from [com.google.firebase:firebase-common-license:11.6.2] AndroidManifest.xml:4:5-43
MERGED from [com.google.firebase:firebase-common-license:11.6.2] AndroidManifest.xml:4:5-43
MERGED from [com.facebook.fbui.textlayoutbuilder:textlayoutbuilder:1.0.0] AndroidManifest.xml:14:5-16:41